[2024-06-07 01:28:28.778] [info] Using configuration file /home/tom/.config/waybar/config.jsonc
[2024-06-07 01:28:28.779] [info] Unable to receive desktop appearance: GDBus.Error:org.freedesktop.DBus.Error.UnknownMethod: No such interface “org.freedesktop.portal.Settings” on object at path /org/freedesktop/portal/desktop
[2024-06-07 01:28:28.779] [info] Using CSS file /home/tom/.config/waybar/style.css

(waybar:25192): Gtk-WARNING **: 01:28:28.780: Theme parsing error: style.css:133:17: Not using units is deprecated. Assuming 'px'.

(waybar:25192): Gtk-WARNING **: 01:28:28.780: Theme parsing error: style.css:133:22: Not using units is deprecated. Assuming 'px'.
[2024-06-07 01:28:28.784] [info] Hyprland IPC starting
[2024-06-07 01:28:28.785] [info] Loading persistent workspaces from Hyprland workspace rules
[2024-06-07 01:28:28.808] [info] Loading persistent workspaces from Hyprland workspace rules
[2024-06-07 01:28:29.189] [info] Bar configured (width: 2260, height: 30) for output: DP-2
[2024-06-07 01:28:29.189] [info] Bar configured (width: 1620, height: 30) for output: HDMI-A-2

(waybar:25192): Gtk-WARNING **: 01:29:16.058: Theme parsing error: style.css:134:17: Not using units is deprecated. Assuming 'px'.

(waybar:25192): Gtk-WARNING **: 01:29:16.058: Theme parsing error: style.css:134:22: Not using units is deprecated. Assuming 'px'.

(waybar:25192): Gtk-WARNING **: 01:29:16.058: Theme parsing error: style.css:134:17: Not using units is deprecated. Assuming 'px'.

(waybar:25192): Gtk-WARNING **: 01:29:16.058: Theme parsing error: style.css:134:22: Not using units is deprecated. Assuming 'px'.

(waybar:25192): Gtk-WARNING **: 01:29:54.206: Theme parsing error: style.css:134:17: Not using units is deprecated. Assuming 'px'.

(waybar:25192): Gtk-WARNING **: 01:29:54.206: Theme parsing error: style.css:134:22: Not using units is deprecated. Assuming 'px'.

(waybar:25192): Gtk-WARNING **: 01:29:54.207: Theme parsing error: style.css:134:17: Not using units is deprecated. Assuming 'px'.

(waybar:25192): Gtk-WARNING **: 01:29:54.207: Theme parsing error: style.css:134:22: Not using units is deprecated. Assuming 'px'.
[2024-06-07 01:30:05.459] [info] Quitting.
[2024-06-07 01:52:58.191] [info] Using configuration file /home/tom/.config/waybar/config.jsonc
[2024-06-07 01:52:58.192] [info] Unable to receive desktop appearance: GDBus.Error:org.freedesktop.DBus.Error.UnknownMethod: No such interface “org.freedesktop.portal.Settings” on object at path /org/freedesktop/portal/desktop
[2024-06-07 01:52:58.192] [info] Using CSS file /home/tom/.config/waybar/style.css

(waybar:29541): Gtk-WARNING **: 01:52:58.192: Theme parsing error: style.css:134:17: Not using units is deprecated. Assuming 'px'.

(waybar:29541): Gtk-WARNING **: 01:52:58.192: Theme parsing error: style.css:134:22: Not using units is deprecated. Assuming 'px'.
[2024-06-07 01:52:58.196] [info] Hyprland IPC starting
[2024-06-07 01:52:58.197] [info] Loading persistent workspaces from Hyprland workspace rules
[2024-06-07 01:52:58.217] [info] Loading persistent workspaces from Hyprland workspace rules
[2024-06-07 01:52:58.586] [info] Bar configured (width: 2260, height: 30) for output: DP-2
[2024-06-07 01:52:58.586] [info] Bar configured (width: 1620, height: 30) for output: HDMI-A-2
[2024-06-07 02:00:54.744] [info] Hyprland config reloaded, reinitializing hyprland/workspaces module...
[2024-06-07 02:00:54.782] [info] Loading persistent workspaces from Hyprland workspace rules
[2024-06-07 02:00:54.786] [info] Hyprland config reloaded, reinitializing hyprland/workspaces module...
[2024-06-07 02:00:54.787] [info] Loading persistent workspaces from Hyprland workspace rules
[2024-06-07 02:01:49.873] [info] Hyprland config reloaded, reinitializing hyprland/workspaces module...
[2024-06-07 02:01:49.910] [info] Loading persistent workspaces from Hyprland workspace rules
[2024-06-07 02:01:49.915] [info] Hyprland config reloaded, reinitializing hyprland/workspaces module...
[2024-06-07 02:01:49.916] [info] Loading persistent workspaces from Hyprland workspace rules
[2024-06-07 02:02:26.992] [info] Hyprland config reloaded, reinitializing hyprland/workspaces module...
[2024-06-07 02:02:27.031] [info] Loading persistent workspaces from Hyprland workspace rules
[2024-06-07 02:02:27.035] [info] Hyprland config reloaded, reinitializing hyprland/workspaces module...
[2024-06-07 02:02:27.036] [info] Loading persistent workspaces from Hyprland workspace rules
[2024-06-07 02:03:23.119] [info] Hyprland config reloaded, reinitializing hyprland/workspaces module...
[2024-06-07 02:03:23.164] [info] Loading persistent workspaces from Hyprland workspace rules
[2024-06-07 02:03:23.164] [info] Hyprland config reloaded, reinitializing hyprland/workspaces module...
[2024-06-07 02:03:23.165] [info] Loading persistent workspaces from Hyprland workspace rules
[2024-06-07 02:03:55.256] [info] Hyprland config reloaded, reinitializing hyprland/workspaces module...
[2024-06-07 02:03:55.299] [info] Loading persistent workspaces from Hyprland workspace rules
[2024-06-07 02:03:55.299] [info] Hyprland config reloaded, reinitializing hyprland/workspaces module...
[2024-06-07 02:03:55.300] [info] Loading persistent workspaces from Hyprland workspace rules
[2024-06-07 02:04:57.385] [info] Hyprland config reloaded, reinitializing hyprland/workspaces module...
[2024-06-07 02:04:57.425] [info] Loading persistent workspaces from Hyprland workspace rules
[2024-06-07 02:04:57.425] [info] Hyprland config reloaded, reinitializing hyprland/workspaces module...
[2024-06-07 02:04:57.426] [info] Loading persistent workspaces from Hyprland workspace rules
[2024-06-07 02:05:38.534] [info] Hyprland config reloaded, reinitializing hyprland/workspaces module...
[2024-06-07 02:05:38.576] [info] Loading persistent workspaces from Hyprland workspace rules
[2024-06-07 02:05:38.577] [info] Hyprland config reloaded, reinitializing hyprland/workspaces module...
[2024-06-07 02:05:38.577] [info] Loading persistent workspaces from Hyprland workspace rules
[2024-06-07 02:05:43.652] [info] Hyprland config reloaded, reinitializing hyprland/workspaces module...
[2024-06-07 02:05:43.691] [info] Loading persistent workspaces from Hyprland workspace rules
[2024-06-07 02:05:43.692] [info] Hyprland config reloaded, reinitializing hyprland/workspaces module...
[2024-06-07 02:05:43.692] [info] Loading persistent workspaces from Hyprland workspace rules
[2024-06-07 02:07:00.796] [info] Hyprland config reloaded, reinitializing hyprland/workspaces module...
[2024-06-07 02:07:00.833] [info] Loading persistent workspaces from Hyprland workspace rules
[2024-06-07 02:07:00.833] [info] Hyprland config reloaded, reinitializing hyprland/workspaces module...
[2024-06-07 02:07:00.837] [info] Loading persistent workspaces from Hyprland workspace rules
[2024-06-07 02:07:19.912] [info] Hyprland config reloaded, reinitializing hyprland/workspaces module...
[2024-06-07 02:07:19.917] [info] Loading persistent workspaces from Hyprland workspace rules
[2024-06-07 02:07:19.918] [info] Hyprland config reloaded, reinitializing hyprland/workspaces module...
[2024-06-07 02:07:19.918] [info] Loading persistent workspaces from Hyprland workspace rules
[2024-06-07 02:07:31.004] [info] Hyprland config reloaded, reinitializing hyprland/workspaces module...
[2024-06-07 02:07:31.021] [info] Loading persistent workspaces from Hyprland workspace rules
[2024-06-07 02:07:31.025] [info] Hyprland config reloaded, reinitializing hyprland/workspaces module...
[2024-06-07 02:07:31.026] [info] Loading persistent workspaces from Hyprland workspace rules
[2024-06-07 02:09:13.159] [info] Hyprland config reloaded, reinitializing hyprland/workspaces module...
[2024-06-07 02:09:13.199] [info] Loading persistent workspaces from Hyprland workspace rules
[2024-06-07 02:09:13.199] [info] Hyprland config reloaded, reinitializing hyprland/workspaces module...
[2024-06-07 02:09:13.200] [info] Loading persistent workspaces from Hyprland workspace rules
[2024-06-07 02:09:46.286] [info] Hyprland config reloaded, reinitializing hyprland/workspaces module...
[2024-06-07 02:09:46.323] [info] Loading persistent workspaces from Hyprland workspace rules
[2024-06-07 02:09:46.323] [info] Hyprland config reloaded, reinitializing hyprland/workspaces module...
[2024-06-07 02:09:46.324] [info] Loading persistent workspaces from Hyprland workspace rules
[2024-06-07 02:10:06.412] [info] Hyprland config reloaded, reinitializing hyprland/workspaces module...
[2024-06-07 02:10:06.456] [info] Loading persistent workspaces from Hyprland workspace rules
[2024-06-07 02:10:06.457] [info] Hyprland config reloaded, reinitializing hyprland/workspaces module...
[2024-06-07 02:10:06.458] [info] Loading persistent workspaces from Hyprland workspace rules
[2024-06-07 02:10:49.540] [info] Hyprland config reloaded, reinitializing hyprland/workspaces module...
[2024-06-07 02:10:49.583] [info] Loading persistent workspaces from Hyprland workspace rules
[2024-06-07 02:10:49.583] [info] Hyprland config reloaded, reinitializing hyprland/workspaces module...
[2024-06-07 02:10:49.584] [info] Loading persistent workspaces from Hyprland workspace rules
[2024-06-07 02:11:31.668] [info] Hyprland config reloaded, reinitializing hyprland/workspaces module...
[2024-06-07 02:11:31.706] [info] Loading persistent workspaces from Hyprland workspace rules
[2024-06-07 02:11:31.709] [info] Hyprland config reloaded, reinitializing hyprland/workspaces module...
[2024-06-07 02:11:31.710] [info] Loading persistent workspaces from Hyprland workspace rules
[2024-06-07 02:13:37.823] [info] Hyprland config reloaded, reinitializing hyprland/workspaces module...
[2024-06-07 02:13:37.859] [info] Loading persistent workspaces from Hyprland workspace rules
[2024-06-07 02:13:37.860] [info] Hyprland config reloaded, reinitializing hyprland/workspaces module...
[2024-06-07 02:13:37.860] [info] Loading persistent workspaces from Hyprland workspace rules
[2024-06-07 02:15:18.988] [info] Hyprland config reloaded, reinitializing hyprland/workspaces module...
[2024-06-07 02:15:19.029] [info] Loading persistent workspaces from Hyprland workspace rules
[2024-06-07 02:15:19.029] [info] Hyprland config reloaded, reinitializing hyprland/workspaces module...
[2024-06-07 02:15:19.030] [info] Loading persistent workspaces from Hyprland workspace rules
[2024-06-07 02:15:53.117] [info] Hyprland config reloaded, reinitializing hyprland/workspaces module...
[2024-06-07 02:15:53.153] [info] Loading persistent workspaces from Hyprland workspace rules
[2024-06-07 02:15:53.153] [info] Hyprland config reloaded, reinitializing hyprland/workspaces module...
[2024-06-07 02:15:53.154] [info] Loading persistent workspaces from Hyprland workspace rules
[2024-06-07 02:16:47.237] [info] Hyprland config reloaded, reinitializing hyprland/workspaces module...
[2024-06-07 02:16:47.277] [info] Loading persistent workspaces from Hyprland workspace rules
[2024-06-07 02:16:47.277] [info] Hyprland config reloaded, reinitializing hyprland/workspaces module...
[2024-06-07 02:16:47.278] [info] Loading persistent workspaces from Hyprland workspace rules
